0 info it worked if it ends with ok
1 verbose cli [
1 verbose cli   '/usr/local/bin/node',
1 verbose cli   '/usr/local/bin/npm',
1 verbose cli   'run',
1 verbose cli   'test:unit',
1 verbose cli   '--no-cache'
1 verbose cli ]
2 info using npm@6.14.5
3 info using node@v12.16.1
4 verbose run-script [ 'pretest:unit', 'test:unit', 'posttest:unit' ]
5 info lifecycle netshoes-cart@0.1.0~pretest:unit: netshoes-cart@0.1.0
6 info lifecycle netshoes-cart@0.1.0~test:unit: netshoes-cart@0.1.0
7 verbose lifecycle netshoes-cart@0.1.0~test:unit: unsafe-perm in lifecycle true
8 verbose lifecycle netshoes-cart@0.1.0~test:unit: PATH: /usr/local/lib/node_modules/npm/node_modules/npm-lifecycle/node-gyp-bin:/Users/denis/work/repositorios/shop-cart/node_modules/.bin:/usr/local/bin:/usr/bin:/bin:/usr/sbin:/sbin:/Library/Apple/usr/bin:/Library/Frameworks/Mono.framework/Versions/Current/Commands:/Users/denis/.zinit/polaris/bin:/Users/denis/Library/Android/sdk/emulator:/Users/denis/Library/Android/sdk/tools:/Users/denis/Library/Android/sdk/tools/bin:/Users/denis/Library/Android/sdk/platform-tools:/Users/denis/flutter/bin:/Users/denis/Library/Android/sdk/emulator:/Users/denis/Library/Android/sdk/tools:/Users/denis/Library/Android/sdk/tools/bin:/Users/denis/Library/Android/sdk/platform-tools:/Users/denis/flutter/bin
9 verbose lifecycle netshoes-cart@0.1.0~test:unit: CWD: /Users/denis/work/repositorios/shop-cart
10 silly lifecycle netshoes-cart@0.1.0~test:unit: Args: [ '-c', 'vue-cli-service test:unit' ]
11 silly lifecycle netshoes-cart@0.1.0~test:unit: Returned: code: 1  signal: null
12 info lifecycle netshoes-cart@0.1.0~test:unit: Failed to exec test:unit script
13 verbose stack Error: netshoes-cart@0.1.0 test:unit: `vue-cli-service test:unit`
13 verbose stack Exit status 1
13 verbose stack     at EventEmitter.<anonymous> (/usr/local/lib/node_modules/npm/node_modules/npm-lifecycle/index.js:332:16)
13 verbose stack     at EventEmitter.emit (events.js:311:20)
13 verbose stack     at ChildProcess.<anonymous> (/usr/local/lib/node_modules/npm/node_modules/npm-lifecycle/lib/spawn.js:55:14)
13 verbose stack     at ChildProcess.emit (events.js:311:20)
13 verbose stack     at maybeClose (internal/child_process.js:1021:16)
13 verbose stack     at Process.ChildProcess._handle.onexit (internal/child_process.js:286:5)
14 verbose pkgid netshoes-cart@0.1.0
15 verbose cwd /Users/denis/work/repositorios/shop-cart
16 verbose Darwin 19.6.0
17 verbose argv "/usr/local/bin/node" "/usr/local/bin/npm" "run" "test:unit" "--no-cache"
18 verbose node v12.16.1
19 verbose npm  v6.14.5
20 error code ELIFECYCLE
21 error errno 1
22 error netshoes-cart@0.1.0 test:unit: `vue-cli-service test:unit`
22 error Exit status 1
23 error Failed at the netshoes-cart@0.1.0 test:unit script.
23 error This is probably not a problem with npm. There is likely additional logging output above.
24 verbose exit [ 1, true ]
